Using pre-set license
Built from '2022.3/staging' branch; Version is '2022.3.41f1 (0f988161febf) revision 1022081'; Using compiler version '192829333'; Build Type 'Release'
OS: 'Windows 11  (10.0.22631) 64bit Core' Language: 'en' Physical Memory: 16238 MB
BatchMode: 1, IsHumanControllingUs: 0, StartBugReporterOnCrash: 0, Is64bit: 1, IsPro: 1

COMMAND LINE ARGUMENTS:
C:\Users\mdiaz\Desktop\2022.3.41f1\Editor\Unity.exe
-adb2
-batchMode
-noUpm
-name
AssetImportWorker1
-projectPath
C:/Users/mdiaz/Desktop/GMTK24/Fable-Libris-GMTKJam24/Fable-Libris-GMTK24
-logFile
Logs/AssetImportWorker1.log
-srvPort
65205
Successfully changed project path to: C:/Users/mdiaz/Desktop/GMTK24/Fable-Libris-GMTKJam24/Fable-Libris-GMTK24
C:/Users/mdiaz/Desktop/GMTK24/Fable-Libris-GMTKJam24/Fable-Libris-GMTK24
[UnityMemory] Configuration Parameters - Can be set up in boot.config
    "memorysetup-bucket-allocator-granularity=16"
    "memorysetup-bucket-allocator-bucket-count=8"
    "memorysetup-bucket-allocator-block-size=33554432"
    "memorysetup-bucket-allocator-block-count=8"
    "memorysetup-main-allocator-block-size=16777216"
    "memorysetup-thread-allocator-block-size=16777216"
    "memorysetup-gfx-main-allocator-block-size=16777216"
    "memorysetup-gfx-thread-allocator-block-size=16777216"
    "memorysetup-cache-allocator-block-size=4194304"
    "memorysetup-typetree-allocator-block-size=2097152"
    "memorysetup-profiler-bucket-allocator-granularity=16"
    "memorysetup-profiler-bucket-allocator-bucket-count=8"
    "memorysetup-profiler-bucket-allocator-block-size=33554432"
    "memorysetup-profiler-bucket-allocator-block-count=8"
    "memorysetup-profiler-allocator-block-size=16777216"
    "memorysetup-profiler-editor-allocator-block-size=1048576"
    "memorysetup-temp-allocator-size-main=16777216"
    "memorysetup-job-temp-allocator-block-size=2097152"
    "memorysetup-job-temp-allocator-block-size-background=1048576"
    "memorysetup-job-temp-allocator-reduction-small-platforms=262144"
    "memorysetup-allocator-temp-initial-block-size-main=262144"
    "memorysetup-allocator-temp-initial-block-size-worker=262144"
    "memorysetup-temp-allocator-size-background-worker=32768"
    "memorysetup-temp-allocator-size-job-worker=262144"
    "memorysetup-temp-allocator-size-preload-manager=33554432"
    "memorysetup-temp-allocator-size-nav-mesh-worker=65536"
    "memorysetup-temp-allocator-size-audio-worker=65536"
    "memorysetup-temp-allocator-size-cloud-worker=32768"
    "memorysetup-temp-allocator-size-gi-baking-worker=262144"
    "memorysetup-temp-allocator-size-gfx=262144"
Player connection [37280]  Target information:

Player connection [37280]  * "[IP] 10.0.0.42 [Port] 0 [Flags] 2 [Guid] 1912665959 [EditorId] 1912665959 [Version] 1048832 [Id] WindowsEditor(7,DESKTOP-E54CNLV) [Debug] 1 [PackageName] WindowsEditor [ProjectName] Editor" 

Player connection [37280] Host joined multi-casting on [225.0.0.222:54997]...
Player connection [37280] Host joined alternative multi-casting on [225.0.0.222:34997]...
[PhysX] Initialized MultithreadedTaskDispatcher with 6 workers.
Refreshing native plugins compatible for Editor in 323.26 ms, found 4 plugins.
Preloading 0 native plugins for Editor in 0.00 ms.
Initialize engine version: 2022.3.41f1 (0f988161febf)
[Subsystems] Discovering subsystems at path C:/Users/mdiaz/Desktop/2022.3.41f1/Editor/Data/Resources/UnitySubsystems
[Subsystems] Discovering subsystems at path C:/Users/mdiaz/Desktop/GMTK24/Fable-Libris-GMTKJam24/Fable-Libris-GMTK24/Assets
GfxDevice: creating device client; threaded=0; jobified=0
Direct3D:
    Version:  Direct3D 11.0 [level 11.1]
    Renderer: NVIDIA GeForce GTX 1660 Ti (ID=0x2182)
    Vendor:   NVIDIA
    VRAM:     5966 MB
    Driver:   31.0.15.5134
Initialize mono
Mono path[0] = 'C:/Users/mdiaz/Desktop/2022.3.41f1/Editor/Data/Managed'
Mono path[1] = 'C:/Users/mdiaz/Desktop/2022.3.41f1/Editor/Data/MonoBleedingEdge/lib/mono/unityjit-win32'
Mono config path = 'C:/Users/mdiaz/Desktop/2022.3.41f1/Editor/Data/MonoBleedingEdge/etc'
Using monoOptions --debugger-agent=transport=dt_socket,embedding=1,server=y,suspend=n,address=127.0.0.1:56636
Begin MonoManager ReloadAssembly
Registering precompiled unity dll's ...
Register platform support module: C:/Users/mdiaz/Desktop/2022.3.41f1/Editor/Data/PlaybackEngines/MacStandaloneSupport/UnityEditor.OSXStandalone.Extensions.dll
Register platform support module: C:/Users/mdiaz/Desktop/2022.3.41f1/Editor/Data/PlaybackEngines/WindowsStandaloneSupport/UnityEditor.WindowsStandalone.Extensions.dll
Registered in 0.020053 seconds.
- Loaded All Assemblies, in  1.039 seconds
Native extension for WindowsStandalone target not found
Native extension for OSXStandalone target not found
Mono: successfully reloaded assembly
- Finished resetting the current domain, in  0.318 seconds
Domain Reload Profiling: 1353ms
	BeginReloadAssembly (194ms)
		ExecutionOrderSort (0ms)
		DisableScriptedObjects (0ms)
		BackupInstance (0ms)
		ReleaseScriptingObjects (0ms)
		CreateAndSetChildDomain (1ms)
	RebuildCommonClasses (202ms)
	RebuildNativeTypeToScriptingClass (12ms)
	initialDomainReloadingComplete (85ms)
	LoadAllAssembliesAndSetupDomain (542ms)
		LoadAssemblies (190ms)
		RebuildTransferFunctionScriptingTraits (0ms)
		AnalyzeDomain (540ms)
			TypeCache.Refresh (538ms)
				TypeCache.ScanAssembly (521ms)
			ScanForSourceGeneratedMonoScriptInfo (0ms)
			ResolveRequiredComponents (1ms)
	FinalizeReload (319ms)
		ReleaseScriptCaches (0ms)
		RebuildScriptCaches (0ms)
		SetupLoadedEditorAssemblies (266ms)
			LogAssemblyErrors (0ms)
			InitializePlatformSupportModulesInManaged (23ms)
			SetLoadedEditorAssemblies (9ms)
			RefreshPlugins (0ms)
			BeforeProcessingInitializeOnLoad (2ms)
			ProcessInitializeOnLoadAttributes (173ms)
			ProcessInitializeOnLoadMethodAttributes (59ms)
			AfterProcessingInitializeOnLoad (0ms)
			EditorAssembliesLoaded (0ms)
		ExecutionOrderSort2 (0ms)
		AwakeInstancesAfterBackupRestoration (0ms)
========================================================================
Worker process is ready to serve import requests
Caller must complete domain reload
Begin MonoManager ReloadAssembly
Symbol file LoadedFromMemory is not a mono symbol file
- Loaded All Assemblies, in  1.427 seconds
Native extension for WindowsStandalone target not found
Native extension for OSXStandalone target not found
Package Manager log level set to [2]
[Package Manager] Server::EnsureServerProcessIsRunning -- launch failed, reason: Unity was launched with the -noUpm command-line argument
[Package Manager] UpmClient::Send -- Unable to send message (not connected to UPM process).
[Package Manager] Cannot connect to Unity Package Manager local server
Mono: successfully reloaded assembly
- Finished resetting the current domain, in  1.090 seconds
Domain Reload Profiling: 2503ms
	BeginReloadAssembly (179ms)
		ExecutionOrderSort (0ms)
		DisableScriptedObjects (6ms)
		BackupInstance (0ms)
		ReleaseScriptingObjects (0ms)
		CreateAndSetChildDomain (22ms)
	RebuildCommonClasses (38ms)
	RebuildNativeTypeToScriptingClass (11ms)
	initialDomainReloadingComplete (59ms)
	LoadAllAssembliesAndSetupDomain (1125ms)
		LoadAssemblies (746ms)
		RebuildTransferFunctionScriptingTraits (0ms)
		AnalyzeDomain (488ms)
			TypeCache.Refresh (428ms)
				TypeCache.ScanAssembly (235ms)
			ScanForSourceGeneratedMonoScriptInfo (52ms)
			ResolveRequiredComponents (7ms)
	FinalizeReload (1091ms)
		ReleaseScriptCaches (0ms)
		RebuildScriptCaches (0ms)
		SetupLoadedEditorAssemblies (896ms)
			LogAssemblyErrors (0ms)
			InitializePlatformSupportModulesInManaged (20ms)
			SetLoadedEditorAssemblies (5ms)
			RefreshPlugins (0ms)
			BeforeProcessingInitializeOnLoad (122ms)
			ProcessInitializeOnLoadAttributes (549ms)
			ProcessInitializeOnLoadMethodAttributes (184ms)
			AfterProcessingInitializeOnLoad (15ms)
			EditorAssembliesLoaded (0ms)
		ExecutionOrderSort2 (0ms)
		AwakeInstancesAfterBackupRestoration (9ms)
Launched and connected shader compiler UnityShaderCompiler.exe after 0.11 seconds
Refreshing native plugins compatible for Editor in 21.16 ms, found 4 plugins.
Preloading 0 native plugins for Editor in 0.00 ms.
Unloading 5033 Unused Serialized files (Serialized files now loaded: 0)
Unloading 42 unused Assets / (242.3 KB). Loaded Objects now: 5497.
Memory consumption went from 160.8 MB to 160.6 MB.
Total: 7.073400 ms (FindLiveObjects: 0.393600 ms CreateObjectMapping: 0.299800 ms MarkObjects: 6.203000 ms  DeleteObjects: 0.175600 ms)

AssetImportParameters requested are different than current active one (requested -> active):
  custom:container-demuxer-ogg: 62fdf1f143b41e24485cea50d1cbac27 -> 
  custom:video-codec-MediaFoundation-h265: 746d11721c4dcdbdad8f713fa42b33f4 -> 
  custom:video-decoder-ogg-theora: a1e56fd34408186e4bbccfd4996cb3dc -> 
  custom:framework-win-MediaFoundation: 216162199b28c13a410421893ffa2e32 -> 
  custom:CustomObjectIndexerAttribute: 9a22284fe3817be447336de3de66b15e -> 
  custom:container-demuxer-webm: 4f35f7cbe854078d1ac9338744f61a02 -> 
  custom:container-muxer-webm: aa71ff27fc2769a1b78a27578f13a17b -> 
  custom:video-decoder-webm-vp8: 9c59270c3fd7afecdb556c50c9e8de78 -> 
  custom:SearchIndexIgnoredProperties: e643bd26f0fe6173181afceb89e7c659 -> 
  custom:AudioImporter_EditorPlatform: d09bf68614088b80899f8185d706f6e7 -> 
  custom:video-encoder-webm-vp8: eb34c28f22e8b96e1ab97ce403110664 -> 
  custom:scripting/monoscript/fileName/TurnOffPlacing.cs: 8606f7d680fa168e1080e566cf13a693 -> 09204335975c190c28da07cbaeff62f3
  custom:audio-decoder-ogg-vorbis: bf7c407c2cedff20999df2af8eb42d56 -> 
  custom:audio-encoder-webm-vorbis: bf7c407c2cedff20999df2af8eb42d56 -> 
========================================================================
Received Import Request.
  Time since last request: 290779.457792 seconds.
  path: Assets/Placeholder Sprites/Compaion.png
  artifactKey: Guid(9dead0b6316d24f27906028bffb4b415) Importer(815301076,1909f56bfc062723c751e8b465ee728b)
Start importing Assets/Placeholder Sprites/Compaion.png using Guid(9dead0b6316d24f27906028bffb4b415) Importer(815301076,1909f56bfc062723c751e8b465ee728b) [PhysX] Initialized MultithreadedTaskDispatcher with 6 workers.
[PhysX] Initialized MultithreadedTaskDispatcher with 6 workers.
 -> (artifact id: '60202d3fc508406d884df884c6de3360') in 0.100852 seconds
Number of updated asset objects reloaded before import = 0
Number of asset objects unloaded after import = 3
========================================================================
Received Import Request.
  Time since last request: 5.831930 seconds.
  path: Assets/Placeholder Sprites/Compaion.png
  artifactKey: Guid(9dead0b6316d24f27906028bffb4b415) Importer(815301076,1909f56bfc062723c751e8b465ee728b)
Start importing Assets/Placeholder Sprites/Compaion.png using Guid(9dead0b6316d24f27906028bffb4b415) Importer(815301076,1909f56bfc062723c751e8b465ee728b) [PhysX] Initialized MultithreadedTaskDispatcher with 6 workers.
[PhysX] Initialized MultithreadedTaskDispatcher with 6 workers.
 -> (artifact id: '43229fff2db21b8e155aa17bde3de26f') in 0.013349 seconds
Number of updated asset objects reloaded before import = 0
Number of asset objects unloaded after import = 2
========================================================================
Received Import Request.
  Time since last request: 7.370762 seconds.
  path: Assets/Placeholder Sprites/Compaion.png
  artifactKey: Guid(9dead0b6316d24f27906028bffb4b415) Importer(815301076,1909f56bfc062723c751e8b465ee728b)
Start importing Assets/Placeholder Sprites/Compaion.png using Guid(9dead0b6316d24f27906028bffb4b415) Importer(815301076,1909f56bfc062723c751e8b465ee728b) [PhysX] Initialized MultithreadedTaskDispatcher with 6 workers.
[PhysX] Initialized MultithreadedTaskDispatcher with 6 workers.
 -> (artifact id: '697434af089278b0c5c9b2e4db11fb1b') in 0.024965 seconds
Number of updated asset objects reloaded before import = 0
Number of asset objects unloaded after import = 5
========================================================================
Received Import Request.
  Time since last request: 6.210457 seconds.
  path: Assets/Placeholder Sprites/Enemy.png
  artifactKey: Guid(e5718eb40d3cd7a4c8751e63bd15de5a) Importer(815301076,1909f56bfc062723c751e8b465ee728b)
Start importing Assets/Placeholder Sprites/Enemy.png using Guid(e5718eb40d3cd7a4c8751e63bd15de5a) Importer(815301076,1909f56bfc062723c751e8b465ee728b) [PhysX] Initialized MultithreadedTaskDispatcher with 6 workers.
[PhysX] Initialized MultithreadedTaskDispatcher with 6 workers.
 -> (artifact id: '206d9264138c4c323202dc2ff7a5e1df') in 0.017219 seconds
Number of updated asset objects reloaded before import = 0
Number of asset objects unloaded after import = 3
========================================================================
Received Import Request.
  Time since last request: 5.532367 seconds.
  path: Assets/Placeholder Sprites/Enemy.png
  artifactKey: Guid(e5718eb40d3cd7a4c8751e63bd15de5a) Importer(815301076,1909f56bfc062723c751e8b465ee728b)
Start importing Assets/Placeholder Sprites/Enemy.png using Guid(e5718eb40d3cd7a4c8751e63bd15de5a) Importer(815301076,1909f56bfc062723c751e8b465ee728b) [PhysX] Initialized MultithreadedTaskDispatcher with 6 workers.
[PhysX] Initialized MultithreadedTaskDispatcher with 6 workers.
 -> (artifact id: 'a5ac39a17479f02575cc80dc319253e0') in 0.015357 seconds
Number of updated asset objects reloaded before import = 0
Number of asset objects unloaded after import = 2
========================================================================
Received Import Request.
  Time since last request: 5.273063 seconds.
  path: Assets/Placeholder Sprites/Enemy.png
  artifactKey: Guid(e5718eb40d3cd7a4c8751e63bd15de5a) Importer(815301076,1909f56bfc062723c751e8b465ee728b)
Start importing Assets/Placeholder Sprites/Enemy.png using Guid(e5718eb40d3cd7a4c8751e63bd15de5a) Importer(815301076,1909f56bfc062723c751e8b465ee728b) [PhysX] Initialized MultithreadedTaskDispatcher with 6 workers.
[PhysX] Initialized MultithreadedTaskDispatcher with 6 workers.
 -> (artifact id: 'efc322d530a20f416eaf7eaf5bc09e87') in 0.020005 seconds
Number of updated asset objects reloaded before import = 0
Number of asset objects unloaded after import = 4
========================================================================
Received Import Request.
  Time since last request: 2.841237 seconds.
  path: Assets/Placeholder Sprites/Gate-V.png
  artifactKey: Guid(2f01fe96dc4b44f388b59326f8424624) Importer(815301076,1909f56bfc062723c751e8b465ee728b)
Start importing Assets/Placeholder Sprites/Gate-V.png using Guid(2f01fe96dc4b44f388b59326f8424624) Importer(815301076,1909f56bfc062723c751e8b465ee728b) [PhysX] Initialized MultithreadedTaskDispatcher with 6 workers.
[PhysX] Initialized MultithreadedTaskDispatcher with 6 workers.
 -> (artifact id: 'ab1f9d592a49a8f1de84ead77c06a8a4') in 0.019033 seconds
Number of updated asset objects reloaded before import = 0
Number of asset objects unloaded after import = 3
========================================================================
Received Import Request.
  Time since last request: 5.953506 seconds.
  path: Assets/Placeholder Sprites/Gate-V.png
  artifactKey: Guid(2f01fe96dc4b44f388b59326f8424624) Importer(815301076,1909f56bfc062723c751e8b465ee728b)
Start importing Assets/Placeholder Sprites/Gate-V.png using Guid(2f01fe96dc4b44f388b59326f8424624) Importer(815301076,1909f56bfc062723c751e8b465ee728b) [PhysX] Initialized MultithreadedTaskDispatcher with 6 workers.
[PhysX] Initialized MultithreadedTaskDispatcher with 6 workers.
 -> (artifact id: 'e92185e84ec83f219e6b1c950a145cc1') in 0.014031 seconds
Number of updated asset objects reloaded before import = 0
Number of asset objects unloaded after import = 2
========================================================================
Received Import Request.
  Time since last request: 11.018491 seconds.
  path: Assets/Placeholder Sprites/Gate-V.png
  artifactKey: Guid(2f01fe96dc4b44f388b59326f8424624) Importer(815301076,1909f56bfc062723c751e8b465ee728b)
Start importing Assets/Placeholder Sprites/Gate-V.png using Guid(2f01fe96dc4b44f388b59326f8424624) Importer(815301076,1909f56bfc062723c751e8b465ee728b) [PhysX] Initialized MultithreadedTaskDispatcher with 6 workers.
[PhysX] Initialized MultithreadedTaskDispatcher with 6 workers.
 -> (artifact id: 'b59f2a85972c579a008d9ed5d16736ad') in 0.033080 seconds
Number of updated asset objects reloaded before import = 0
Number of asset objects unloaded after import = 6
========================================================================
Received Import Request.
  Time since last request: 2.655481 seconds.
  path: Assets/Placeholder Sprites/Gate.png
  artifactKey: Guid(0dae7a0abc9047d4ab710f0f053747e1) Importer(815301076,1909f56bfc062723c751e8b465ee728b)
Start importing Assets/Placeholder Sprites/Gate.png using Guid(0dae7a0abc9047d4ab710f0f053747e1) Importer(815301076,1909f56bfc062723c751e8b465ee728b) [PhysX] Initialized MultithreadedTaskDispatcher with 6 workers.
[PhysX] Initialized MultithreadedTaskDispatcher with 6 workers.
 -> (artifact id: '886ad9a43dafb64fbc0d2028d6b6a5aa') in 0.022475 seconds
Number of updated asset objects reloaded before import = 0
Number of asset objects unloaded after import = 5
========================================================================
Received Import Request.
  Time since last request: 8.004932 seconds.
  path: Assets/Placeholder Sprites/Gate.png
  artifactKey: Guid(0dae7a0abc9047d4ab710f0f053747e1) Importer(815301076,1909f56bfc062723c751e8b465ee728b)
Start importing Assets/Placeholder Sprites/Gate.png using Guid(0dae7a0abc9047d4ab710f0f053747e1) Importer(815301076,1909f56bfc062723c751e8b465ee728b) [PhysX] Initialized MultithreadedTaskDispatcher with 6 workers.
[PhysX] Initialized MultithreadedTaskDispatcher with 6 workers.
 -> (artifact id: 'd4a60deb2557928096566b6869316f94') in 0.029302 seconds
Number of updated asset objects reloaded before import = 0
Number of asset objects unloaded after import = 6
========================================================================
Received Import Request.
  Time since last request: 44.653382 seconds.
  path: Assets/Placeholder Sprites/Gate.png
  artifactKey: Guid(0dae7a0abc9047d4ab710f0f053747e1) Importer(815301076,1909f56bfc062723c751e8b465ee728b)
Start importing Assets/Placeholder Sprites/Gate.png using Guid(0dae7a0abc9047d4ab710f0f053747e1) Importer(815301076,1909f56bfc062723c751e8b465ee728b) [PhysX] Initialized MultithreadedTaskDispatcher with 6 workers.
[PhysX] Initialized MultithreadedTaskDispatcher with 6 workers.
 -> (artifact id: '1887b67be2b614ef2c5e288ec78373d8') in 0.029189 seconds
Number of updated asset objects reloaded before import = 0
Number of asset objects unloaded after import = 8
========================================================================
Received Import Request.
  Time since last request: 7.392576 seconds.
  path: Assets/Placeholder Sprites/Hero.png
  artifactKey: Guid(50a0f803ef1b3b246abb9459a0449262) Importer(815301076,1909f56bfc062723c751e8b465ee728b)
Start importing Assets/Placeholder Sprites/Hero.png using Guid(50a0f803ef1b3b246abb9459a0449262) Importer(815301076,1909f56bfc062723c751e8b465ee728b) [PhysX] Initialized MultithreadedTaskDispatcher with 6 workers.
[PhysX] Initialized MultithreadedTaskDispatcher with 6 workers.
 -> (artifact id: '9e9d40bfb990908b92c005e5b4ead7e8') in 0.021866 seconds
Number of updated asset objects reloaded before import = 0
Number of asset objects unloaded after import = 3
========================================================================
Received Import Request.
  Time since last request: 6.146056 seconds.
  path: Assets/Placeholder Sprites/Hero.png
  artifactKey: Guid(50a0f803ef1b3b246abb9459a0449262) Importer(815301076,1909f56bfc062723c751e8b465ee728b)
Start importing Assets/Placeholder Sprites/Hero.png using Guid(50a0f803ef1b3b246abb9459a0449262) Importer(815301076,1909f56bfc062723c751e8b465ee728b) [PhysX] Initialized MultithreadedTaskDispatcher with 6 workers.
[PhysX] Initialized MultithreadedTaskDispatcher with 6 workers.
 -> (artifact id: 'c50d9c6dfec70d9b30529f14f2e5bb9d') in 0.011745 seconds
Number of updated asset objects reloaded before import = 0
Number of asset objects unloaded after import = 2
========================================================================
Received Import Request.
  Time since last request: 5.013965 seconds.
  path: Assets/Placeholder Sprites/Hero.png
  artifactKey: Guid(50a0f803ef1b3b246abb9459a0449262) Importer(815301076,1909f56bfc062723c751e8b465ee728b)
Start importing Assets/Placeholder Sprites/Hero.png using Guid(50a0f803ef1b3b246abb9459a0449262) Importer(815301076,1909f56bfc062723c751e8b465ee728b) [PhysX] Initialized MultithreadedTaskDispatcher with 6 workers.
[PhysX] Initialized MultithreadedTaskDispatcher with 6 workers.
 -> (artifact id: 'a1b2634f437fc25697d5b3b8928fa92b') in 0.034175 seconds
Number of updated asset objects reloaded before import = 0
Number of asset objects unloaded after import = 4
========================================================================
Received Import Request.
  Time since last request: 2.079748 seconds.
  path: Assets/Placeholder Sprites/Ladder-1x3.png
  artifactKey: Guid(1cad5b90e9faf3f4cbf59b7ff95b2097) Importer(815301076,1909f56bfc062723c751e8b465ee728b)
Start importing Assets/Placeholder Sprites/Ladder-1x3.png using Guid(1cad5b90e9faf3f4cbf59b7ff95b2097) Importer(815301076,1909f56bfc062723c751e8b465ee728b) [PhysX] Initialized MultithreadedTaskDispatcher with 6 workers.
[PhysX] Initialized MultithreadedTaskDispatcher with 6 workers.
 -> (artifact id: '5847f068e7e2f4f4658981e0599a56c2') in 0.022763 seconds
Number of updated asset objects reloaded before import = 0
Number of asset objects unloaded after import = 5
========================================================================
Received Import Request.
  Time since last request: 19.755590 seconds.
  path: Assets/Placeholder Sprites/Ladder-1x3.png
  artifactKey: Guid(1cad5b90e9faf3f4cbf59b7ff95b2097) Importer(815301076,1909f56bfc062723c751e8b465ee728b)
Start importing Assets/Placeholder Sprites/Ladder-1x3.png using Guid(1cad5b90e9faf3f4cbf59b7ff95b2097) Importer(815301076,1909f56bfc062723c751e8b465ee728b) [PhysX] Initialized MultithreadedTaskDispatcher with 6 workers.
[PhysX] Initialized MultithreadedTaskDispatcher with 6 workers.
 -> (artifact id: '026eeffb806324727f77828ee8281d95') in 0.022694 seconds
Number of updated asset objects reloaded before import = 0
Number of asset objects unloaded after import = 6
========================================================================
Received Import Request.
  Time since last request: 9.384175 seconds.
  path: Assets/Placeholder Sprites/Marble.png
  artifactKey: Guid(b51f4d57c96c14181a32225302cd4a84) Importer(815301076,1909f56bfc062723c751e8b465ee728b)
Start importing Assets/Placeholder Sprites/Marble.png using Guid(b51f4d57c96c14181a32225302cd4a84) Importer(815301076,1909f56bfc062723c751e8b465ee728b) [PhysX] Initialized MultithreadedTaskDispatcher with 6 workers.
[PhysX] Initialized MultithreadedTaskDispatcher with 6 workers.
 -> (artifact id: 'b8cc45b10d59f9de2fd255ffb4c76245') in 0.016036 seconds
Number of updated asset objects reloaded before import = 0
Number of asset objects unloaded after import = 3
========================================================================
Received Import Request.
  Time since last request: 7.622583 seconds.
  path: Assets/Placeholder Sprites/Marble.png
  artifactKey: Guid(b51f4d57c96c14181a32225302cd4a84) Importer(815301076,1909f56bfc062723c751e8b465ee728b)
Start importing Assets/Placeholder Sprites/Marble.png using Guid(b51f4d57c96c14181a32225302cd4a84) Importer(815301076,1909f56bfc062723c751e8b465ee728b) [PhysX] Initialized MultithreadedTaskDispatcher with 6 workers.
[PhysX] Initialized MultithreadedTaskDispatcher with 6 workers.
 -> (artifact id: 'd0413ddf496ddd6aa0ab29cc5c78b688') in 0.011380 seconds
Number of updated asset objects reloaded before import = 0
Number of asset objects unloaded after import = 2
========================================================================
Received Import Request.
  Time since last request: 4.888766 seconds.
  path: Assets/Placeholder Sprites/Lever.png
  artifactKey: Guid(9f7cc6b4b1b3b45dc91b380c19a31511) Importer(815301076,1909f56bfc062723c751e8b465ee728b)
Start importing Assets/Placeholder Sprites/Lever.png using Guid(9f7cc6b4b1b3b45dc91b380c19a31511) Importer(815301076,1909f56bfc062723c751e8b465ee728b) [PhysX] Initialized MultithreadedTaskDispatcher with 6 workers.
[PhysX] Initialized MultithreadedTaskDispatcher with 6 workers.
 -> (artifact id: '8b4bf2c67fd0e4791c59d4ca6d7b4ef7') in 0.017011 seconds
Number of updated asset objects reloaded before import = 0
Number of asset objects unloaded after import = 3
========================================================================
Received Import Request.
  Time since last request: 9.635640 seconds.
  path: Assets/Placeholder Sprites/Marble.png
  artifactKey: Guid(b51f4d57c96c14181a32225302cd4a84) Importer(815301076,1909f56bfc062723c751e8b465ee728b)
Start importing Assets/Placeholder Sprites/Marble.png using Guid(b51f4d57c96c14181a32225302cd4a84) Importer(815301076,1909f56bfc062723c751e8b465ee728b) [PhysX] Initialized MultithreadedTaskDispatcher with 6 workers.
[PhysX] Initialized MultithreadedTaskDispatcher with 6 workers.
 -> (artifact id: '7fd6a9bce47dc8029013b77d87b64eb0') in 0.018459 seconds
Number of updated asset objects reloaded before import = 0
Number of asset objects unloaded after import = 4
========================================================================
Received Import Request.
  Time since last request: 1.850428 seconds.
  path: Assets/Placeholder Sprites/Pipe.png
  artifactKey: Guid(bea6c010e22e34ff197d50af6c65199f) Importer(815301076,1909f56bfc062723c751e8b465ee728b)
Start importing Assets/Placeholder Sprites/Pipe.png using Guid(bea6c010e22e34ff197d50af6c65199f) Importer(815301076,1909f56bfc062723c751e8b465ee728b) [PhysX] Initialized MultithreadedTaskDispatcher with 6 workers.
[PhysX] Initialized MultithreadedTaskDispatcher with 6 workers.
 -> (artifact id: 'f6530dba1220efdb2214211535273a07') in 0.017256 seconds
Number of updated asset objects reloaded before import = 0
Number of asset objects unloaded after import = 3
========================================================================
Received Import Request.
  Time since last request: 4.217803 seconds.
  path: Assets/Placeholder Sprites/Pipe.png
  artifactKey: Guid(bea6c010e22e34ff197d50af6c65199f) Importer(815301076,1909f56bfc062723c751e8b465ee728b)
Start importing Assets/Placeholder Sprites/Pipe.png using Guid(bea6c010e22e34ff197d50af6c65199f) Importer(815301076,1909f56bfc062723c751e8b465ee728b) [PhysX] Initialized MultithreadedTaskDispatcher with 6 workers.
[PhysX] Initialized MultithreadedTaskDispatcher with 6 workers.
 -> (artifact id: 'f53fea19d798a1a157e3a330733c15f1') in 0.011938 seconds
Number of updated asset objects reloaded before import = 0
Number of asset objects unloaded after import = 2
========================================================================
Received Import Request.
  Time since last request: 4.210761 seconds.
  path: Assets/Placeholder Sprites/Pipe.png
  artifactKey: Guid(bea6c010e22e34ff197d50af6c65199f) Importer(815301076,1909f56bfc062723c751e8b465ee728b)
Start importing Assets/Placeholder Sprites/Pipe.png using Guid(bea6c010e22e34ff197d50af6c65199f) Importer(815301076,1909f56bfc062723c751e8b465ee728b) [PhysX] Initialized MultithreadedTaskDispatcher with 6 workers.
[PhysX] Initialized MultithreadedTaskDispatcher with 6 workers.
 -> (artifact id: 'b9e7e89fd0d3f2bedc9c0a8cb25a932a') in 0.020648 seconds
Number of updated asset objects reloaded before import = 0
Number of asset objects unloaded after import = 4
========================================================================
Received Import Request.
  Time since last request: 7.671497 seconds.
  path: Assets/Placeholder Sprites/Pylon.png
  artifactKey: Guid(d3ae8c3ba0c67e74c90ee3c39e7f950d) Importer(815301076,1909f56bfc062723c751e8b465ee728b)
Start importing Assets/Placeholder Sprites/Pylon.png using Guid(d3ae8c3ba0c67e74c90ee3c39e7f950d) Importer(815301076,1909f56bfc062723c751e8b465ee728b) [PhysX] Initialized MultithreadedTaskDispatcher with 6 workers.
[PhysX] Initialized MultithreadedTaskDispatcher with 6 workers.
 -> (artifact id: 'edcd55feb22bdb2375ea38174d60d0d7') in 0.016008 seconds
Number of updated asset objects reloaded before import = 0
Number of asset objects unloaded after import = 3
========================================================================
Received Import Request.
  Time since last request: 9.952641 seconds.
  path: Assets/Placeholder Sprites/Pylon.png
  artifactKey: Guid(d3ae8c3ba0c67e74c90ee3c39e7f950d) Importer(815301076,1909f56bfc062723c751e8b465ee728b)
Start importing Assets/Placeholder Sprites/Pylon.png using Guid(d3ae8c3ba0c67e74c90ee3c39e7f950d) Importer(815301076,1909f56bfc062723c751e8b465ee728b) [PhysX] Initialized MultithreadedTaskDispatcher with 6 workers.
[PhysX] Initialized MultithreadedTaskDispatcher with 6 workers.
 -> (artifact id: 'd1dff6acb5ecf2cab2489eacc231bff2') in 0.018648 seconds
Number of updated asset objects reloaded before import = 0
Number of asset objects unloaded after import = 2
========================================================================
Received Import Request.
  Time since last request: 5.109043 seconds.
  path: Assets/Placeholder Sprites/Pylon.png
  artifactKey: Guid(d3ae8c3ba0c67e74c90ee3c39e7f950d) Importer(815301076,1909f56bfc062723c751e8b465ee728b)
Start importing Assets/Placeholder Sprites/Pylon.png using Guid(d3ae8c3ba0c67e74c90ee3c39e7f950d) Importer(815301076,1909f56bfc062723c751e8b465ee728b) [PhysX] Initialized MultithreadedTaskDispatcher with 6 workers.
[PhysX] Initialized MultithreadedTaskDispatcher with 6 workers.
 -> (artifact id: 'bba17f5787ee20bbd690d95cfd916310') in 0.019161 seconds
Number of updated asset objects reloaded before import = 0
Number of asset objects unloaded after import = 4
========================================================================
Received Import Request.
  Time since last request: 2.619169 seconds.
  path: Assets/Placeholder Sprites/Wall-V-1x3.png
  artifactKey: Guid(92e825049ac594cb681f70c6a179694a) Importer(815301076,1909f56bfc062723c751e8b465ee728b)
Start importing Assets/Placeholder Sprites/Wall-V-1x3.png using Guid(92e825049ac594cb681f70c6a179694a) Importer(815301076,1909f56bfc062723c751e8b465ee728b) [PhysX] Initialized MultithreadedTaskDispatcher with 6 workers.
[PhysX] Initialized MultithreadedTaskDispatcher with 6 workers.
 -> (artifact id: 'c4eb4df72ce2b1553660c8c8c71adbda') in 0.020341 seconds
Number of updated asset objects reloaded before import = 0
Number of asset objects unloaded after import = 3
========================================================================
Received Import Request.
  Time since last request: 0.619043 seconds.
  path: Assets/Placeholder Sprites/Wall-3x1.png
  artifactKey: Guid(84b43c5074b86ff4f9c3bcc7fc8db4d2) Importer(815301076,1909f56bfc062723c751e8b465ee728b)
Start importing Assets/Placeholder Sprites/Wall-3x1.png using Guid(84b43c5074b86ff4f9c3bcc7fc8db4d2) Importer(815301076,1909f56bfc062723c751e8b465ee728b) [PhysX] Initialized MultithreadedTaskDispatcher with 6 workers.
[PhysX] Initialized MultithreadedTaskDispatcher with 6 workers.
 -> (artifact id: '0fe4f0ea316c11d32746e436b8bfff40') in 0.026370 seconds
Number of updated asset objects reloaded before import = 0
Number of asset objects unloaded after import = 5
========================================================================
Received Import Request.
  Time since last request: 129.334503 seconds.
  path: Assets/Placeholder Sprites/Wall-3x1.png
  artifactKey: Guid(84b43c5074b86ff4f9c3bcc7fc8db4d2) Importer(815301076,1909f56bfc062723c751e8b465ee728b)
Start importing Assets/Placeholder Sprites/Wall-3x1.png using Guid(84b43c5074b86ff4f9c3bcc7fc8db4d2) Importer(815301076,1909f56bfc062723c751e8b465ee728b) [PhysX] Initialized MultithreadedTaskDispatcher with 6 workers.
[PhysX] Initialized MultithreadedTaskDispatcher with 6 workers.
 -> (artifact id: 'ebb8b77ba618b1c50f56658b917f31b9') in 0.029884 seconds
Number of updated asset objects reloaded before import = 0
Number of asset objects unloaded after import = 8
========================================================================
Received Import Request.
  Time since last request: 8.978714 seconds.
  path: Assets/Placeholder Sprites/Wall-V-1x3.png
  artifactKey: Guid(92e825049ac594cb681f70c6a179694a) Importer(815301076,1909f56bfc062723c751e8b465ee728b)
Start importing Assets/Placeholder Sprites/Wall-V-1x3.png using Guid(92e825049ac594cb681f70c6a179694a) Importer(815301076,1909f56bfc062723c751e8b465ee728b) [PhysX] Initialized MultithreadedTaskDispatcher with 6 workers.
[PhysX] Initialized MultithreadedTaskDispatcher with 6 workers.
 -> (artifact id: '8baf06ba867a00a4b0482483adb94f2b') in 0.012078 seconds
Number of updated asset objects reloaded before import = 0
Number of asset objects unloaded after import = 2
========================================================================
Received Import Request.
  Time since last request: 48.415798 seconds.
  path: Assets/Placeholder Sprites/Wall-V-1x3.png
  artifactKey: Guid(92e825049ac594cb681f70c6a179694a) Importer(815301076,1909f56bfc062723c751e8b465ee728b)
Start importing Assets/Placeholder Sprites/Wall-V-1x3.png using Guid(92e825049ac594cb681f70c6a179694a) Importer(815301076,1909f56bfc062723c751e8b465ee728b) [PhysX] Initialized MultithreadedTaskDispatcher with 6 workers.
[PhysX] Initialized MultithreadedTaskDispatcher with 6 workers.
 -> (artifact id: '8a5dc680471451e04f1999bc082c123f') in 0.030391 seconds
Number of updated asset objects reloaded before import = 0
Number of asset objects unloaded after import = 8
========================================================================
Received Prepare
Caller must complete domain reload
Begin MonoManager ReloadAssembly
Symbol file LoadedFromMemory is not a mono symbol file
- Loaded All Assemblies, in  2.296 seconds
Native extension for WindowsStandalone target not found
Native extension for OSXStandalone target not found
[Package Manager] Server::EnsureServerProcessIsRunning -- launch failed, reason: Unity was launched with the -noUpm command-line argument
[Package Manager] UpmClient::Send -- Unable to send message (not connected to UPM process).
[Package Manager] Cannot connect to Unity Package Manager local server
Mono: successfully reloaded assembly
- Finished resetting the current domain, in  1.128 seconds
Domain Reload Profiling: 3416ms
	BeginReloadAssembly (1665ms)
		ExecutionOrderSort (0ms)
		DisableScriptedObjects (1285ms)
		BackupInstance (0ms)
		ReleaseScriptingObjects (0ms)
		CreateAndSetChildDomain (72ms)
	RebuildCommonClasses (38ms)
	RebuildNativeTypeToScriptingClass (14ms)
	initialDomainReloadingComplete (52ms)
	LoadAllAssembliesAndSetupDomain (517ms)
		LoadAssemblies (751ms)
		RebuildTransferFunctionScriptingTraits (0ms)
		AnalyzeDomain (33ms)
			TypeCache.Refresh (12ms)
				TypeCache.ScanAssembly (0ms)
			ScanForSourceGeneratedMonoScriptInfo (11ms)
			ResolveRequiredComponents (9ms)
	FinalizeReload (1129ms)
		ReleaseScriptCaches (0ms)
		RebuildScriptCaches (0ms)
		SetupLoadedEditorAssemblies (862ms)
			LogAssemblyErrors (0ms)
			InitializePlatformSupportModulesInManaged (19ms)
			SetLoadedEditorAssemblies (5ms)
			RefreshPlugins (0ms)
			BeforeProcessingInitializeOnLoad (123ms)
			ProcessInitializeOnLoadAttributes (520ms)
			ProcessInitializeOnLoadMethodAttributes (181ms)
			AfterProcessingInitializeOnLoad (13ms)
			EditorAssembliesLoaded (0ms)
		ExecutionOrderSort2 (0ms)
		AwakeInstancesAfterBackupRestoration (15ms)
Refreshing native plugins compatible for Editor in 21.70 ms, found 4 plugins.
Preloading 0 native plugins for Editor in 0.00 ms.
Unloading 5027 Unused Serialized files (Serialized files now loaded: 0)
Unloading 29 unused Assets / (214.5 KB). Loaded Objects now: 5561.
Memory consumption went from 164.1 MB to 163.9 MB.
Total: 7.225900 ms (FindLiveObjects: 0.376300 ms CreateObjectMapping: 0.307400 ms MarkObjects: 6.384000 ms  DeleteObjects: 0.156800 ms)

Prepare: number of updated asset objects reloaded= 0
AssetImportParameters requested are different than current active one (requested -> active):
  custom:container-demuxer-ogg: 62fdf1f143b41e24485cea50d1cbac27 -> 
  custom:video-codec-MediaFoundation-h265: 746d11721c4dcdbdad8f713fa42b33f4 -> 
  custom:video-decoder-ogg-theora: a1e56fd34408186e4bbccfd4996cb3dc -> 
  custom:framework-win-MediaFoundation: 216162199b28c13a410421893ffa2e32 -> 
  custom:CustomObjectIndexerAttribute: 9a22284fe3817be447336de3de66b15e -> 
  custom:container-demuxer-webm: 4f35f7cbe854078d1ac9338744f61a02 -> 
  custom:container-muxer-webm: aa71ff27fc2769a1b78a27578f13a17b -> 
  custom:video-decoder-webm-vp8: 9c59270c3fd7afecdb556c50c9e8de78 -> 
  custom:SearchIndexIgnoredProperties: e643bd26f0fe6173181afceb89e7c659 -> 
  custom:AudioImporter_EditorPlatform: d09bf68614088b80899f8185d706f6e7 -> 
  custom:video-encoder-webm-vp8: eb34c28f22e8b96e1ab97ce403110664 -> 
  custom:scripting/monoscript/fileName/TurnOffPlacing.cs: 8606f7d680fa168e1080e566cf13a693 -> 09204335975c190c28da07cbaeff62f3
  custom:audio-decoder-ogg-vorbis: bf7c407c2cedff20999df2af8eb42d56 -> 
  custom:audio-encoder-webm-vorbis: bf7c407c2cedff20999df2af8eb42d56 -> 
========================================================================
Received Prepare
Caller must complete domain reload
Begin MonoManager ReloadAssembly
Symbol file LoadedFromMemory is not a mono symbol file
- Loaded All Assemblies, in  0.901 seconds
Native extension for WindowsStandalone target not found
Native extension for OSXStandalone target not found
[Package Manager] Server::EnsureServerProcessIsRunning -- launch failed, reason: Unity was launched with the -noUpm command-line argument
[Package Manager] UpmClient::Send -- Unable to send message (not connected to UPM process).
[Package Manager] Cannot connect to Unity Package Manager local server
Mono: successfully reloaded assembly
- Finished resetting the current domain, in  1.782 seconds
Domain Reload Profiling: 2671ms
	BeginReloadAssembly (286ms)
		ExecutionOrderSort (0ms)
		DisableScriptedObjects (11ms)
		BackupInstance (0ms)
		ReleaseScriptingObjects (0ms)
		CreateAndSetChildDomain (54ms)
	RebuildCommonClasses (48ms)
	RebuildNativeTypeToScriptingClass (13ms)
	initialDomainReloadingComplete (49ms)
	LoadAllAssembliesAndSetupDomain (492ms)
		LoadAssemblies (629ms)
		RebuildTransferFunctionScriptingTraits (0ms)
		AnalyzeDomain (33ms)
			TypeCache.Refresh (11ms)
				TypeCache.ScanAssembly (0ms)
			ScanForSourceGeneratedMonoScriptInfo (12ms)
			ResolveRequiredComponents (9ms)
	FinalizeReload (1782ms)
		ReleaseScriptCaches (0ms)
		RebuildScriptCaches (0ms)
		SetupLoadedEditorAssemblies (824ms)
			LogAssemblyErrors (0ms)
			InitializePlatformSupportModulesInManaged (17ms)
			SetLoadedEditorAssemblies (4ms)
			RefreshPlugins (0ms)
			BeforeProcessingInitializeOnLoad (118ms)
			ProcessInitializeOnLoadAttributes (498ms)
			ProcessInitializeOnLoadMethodAttributes (172ms)
			AfterProcessingInitializeOnLoad (14ms)
			EditorAssembliesLoaded (0ms)
		ExecutionOrderSort2 (0ms)
		AwakeInstancesAfterBackupRestoration (17ms)
Refreshing native plugins compatible for Editor in 22.40 ms, found 4 plugins.
Preloading 0 native plugins for Editor in 0.00 ms.
Unloading 5028 Unused Serialized files (Serialized files now loaded: 0)
Unloading 29 unused Assets / (214.3 KB). Loaded Objects now: 5565.
Memory consumption went from 164.3 MB to 164.1 MB.
Total: 8.056000 ms (FindLiveObjects: 0.361300 ms CreateObjectMapping: 0.322000 ms MarkObjects: 7.203600 ms  DeleteObjects: 0.168100 ms)

Prepare: number of updated asset objects reloaded= 0
AssetImportParameters requested are different than current active one (requested -> active):
  custom:container-demuxer-ogg: 62fdf1f143b41e24485cea50d1cbac27 -> 
  custom:video-codec-MediaFoundation-h265: 746d11721c4dcdbdad8f713fa42b33f4 -> 
  custom:video-decoder-ogg-theora: a1e56fd34408186e4bbccfd4996cb3dc -> 
  custom:framework-win-MediaFoundation: 216162199b28c13a410421893ffa2e32 -> 
  custom:CustomObjectIndexerAttribute: 9a22284fe3817be447336de3de66b15e -> 
  custom:container-demuxer-webm: 4f35f7cbe854078d1ac9338744f61a02 -> 
  custom:container-muxer-webm: aa71ff27fc2769a1b78a27578f13a17b -> 
  custom:video-decoder-webm-vp8: 9c59270c3fd7afecdb556c50c9e8de78 -> 
  custom:SearchIndexIgnoredProperties: e643bd26f0fe6173181afceb89e7c659 -> 
  custom:AudioImporter_EditorPlatform: d09bf68614088b80899f8185d706f6e7 -> 
  custom:video-encoder-webm-vp8: eb34c28f22e8b96e1ab97ce403110664 -> 
  custom:scripting/monoscript/fileName/TurnOffPlacing.cs: 8606f7d680fa168e1080e566cf13a693 -> 09204335975c190c28da07cbaeff62f3
  custom:audio-decoder-ogg-vorbis: bf7c407c2cedff20999df2af8eb42d56 -> 
  custom:audio-encoder-webm-vorbis: bf7c407c2cedff20999df2af8eb42d56 -> 
========================================================================
Received Prepare
Caller must complete domain reload
Begin MonoManager ReloadAssembly
Symbol file LoadedFromMemory is not a mono symbol file
- Loaded All Assemblies, in  0.909 seconds
Native extension for WindowsStandalone target not found
Native extension for OSXStandalone target not found
[Package Manager] Server::EnsureServerProcessIsRunning -- launch failed, reason: Unity was launched with the -noUpm command-line argument
[Package Manager] UpmClient::Send -- Unable to send message (not connected to UPM process).
[Package Manager] Cannot connect to Unity Package Manager local server
Mono: successfully reloaded assembly
- Finished resetting the current domain, in  1.834 seconds
Domain Reload Profiling: 2732ms
	BeginReloadAssembly (296ms)
		ExecutionOrderSort (0ms)
		DisableScriptedObjects (12ms)
		BackupInstance (0ms)
		ReleaseScriptingObjects (0ms)
		CreateAndSetChildDomain (65ms)
	RebuildCommonClasses (36ms)
	RebuildNativeTypeToScriptingClass (13ms)
	initialDomainReloadingComplete (46ms)
	LoadAllAssembliesAndSetupDomain (506ms)
		LoadAssemblies (654ms)
		RebuildTransferFunctionScriptingTraits (0ms)
		AnalyzeDomain (32ms)
			TypeCache.Refresh (12ms)
				TypeCache.ScanAssembly (0ms)
			ScanForSourceGeneratedMonoScriptInfo (12ms)
			ResolveRequiredComponents (7ms)
	FinalizeReload (1835ms)
		ReleaseScriptCaches (0ms)
		RebuildScriptCaches (0ms)
		SetupLoadedEditorAssemblies (820ms)
			LogAssemblyErrors (0ms)
			InitializePlatformSupportModulesInManaged (17ms)
			SetLoadedEditorAssemblies (4ms)
			RefreshPlugins (0ms)
			BeforeProcessingInitializeOnLoad (120ms)
			ProcessInitializeOnLoadAttributes (504ms)
			ProcessInitializeOnLoadMethodAttributes (160ms)
			AfterProcessingInitializeOnLoad (14ms)
			EditorAssembliesLoaded (0ms)
		ExecutionOrderSort2 (0ms)
		AwakeInstancesAfterBackupRestoration (14ms)
Refreshing native plugins compatible for Editor in 22.22 ms, found 4 plugins.
Preloading 0 native plugins for Editor in 0.00 ms.
Unloading 5028 Unused Serialized files (Serialized files now loaded: 0)
Unloading 29 unused Assets / (214.5 KB). Loaded Objects now: 5569.
Memory consumption went from 164.3 MB to 164.1 MB.
Total: 8.443200 ms (FindLiveObjects: 0.539900 ms CreateObjectMapping: 0.417000 ms MarkObjects: 7.305800 ms  DeleteObjects: 0.179000 ms)

Prepare: number of updated asset objects reloaded= 0
AssetImportParameters requested are different than current active one (requested -> active):
  custom:container-demuxer-ogg: 62fdf1f143b41e24485cea50d1cbac27 -> 
  custom:video-codec-MediaFoundation-h265: 746d11721c4dcdbdad8f713fa42b33f4 -> 
  custom:video-decoder-ogg-theora: a1e56fd34408186e4bbccfd4996cb3dc -> 
  custom:framework-win-MediaFoundation: 216162199b28c13a410421893ffa2e32 -> 
  custom:CustomObjectIndexerAttribute: 9a22284fe3817be447336de3de66b15e -> 
  custom:container-demuxer-webm: 4f35f7cbe854078d1ac9338744f61a02 -> 
  custom:container-muxer-webm: aa71ff27fc2769a1b78a27578f13a17b -> 
  custom:video-decoder-webm-vp8: 9c59270c3fd7afecdb556c50c9e8de78 -> 
  custom:SearchIndexIgnoredProperties: e643bd26f0fe6173181afceb89e7c659 -> 
  custom:AudioImporter_EditorPlatform: d09bf68614088b80899f8185d706f6e7 -> 
  custom:video-encoder-webm-vp8: eb34c28f22e8b96e1ab97ce403110664 -> 
  custom:scripting/monoscript/fileName/TurnOffPlacing.cs: 8606f7d680fa168e1080e566cf13a693 -> 09204335975c190c28da07cbaeff62f3
  custom:audio-decoder-ogg-vorbis: bf7c407c2cedff20999df2af8eb42d56 -> 
  custom:audio-encoder-webm-vorbis: bf7c407c2cedff20999df2af8eb42d56 -> 
